#
# A fatal error has been detected by the Java Runtime Environment:
#
#  SIGSEGV (0xb) at pc=0x00007faf5e023031, pid=19926, tid=140390960125696
#
# JRE version: OpenJDK Runtime Environment (7.0_85-b01) (build 1.7.0_85-b01)
# Java VM: OpenJDK 64-Bit Server VM (24.85-b03 mixed mode linux-amd64 compressed oops)
# Derivative: IcedTea 2.6.1
# Distribution: Debian GNU/Linux buildd-unstable (sid), package 7u85-2.6.1-3
# Problematic frame:
# C  [libatk-wrapper.so.1.2.22+0x7031]
#
# Failed to write core dump. Core dumps have been disabled. To enable core dumping, try "ulimit -c unlimited" before starting Java again
#
# If you would like to submit a bug report, please include
# instructions on how to reproduce the bug and visit:
#   http://icedtea.classpath.org/bugzilla
#

---------------  T H R E A D  ---------------

Current thread is native thread

siginfo:si_signo=SIGSEGV: si_errno=0, si_code=1 (SEGV_MAPERR), si_addr=0x0000000000000000

Registers:
RAX=0x0000000000000000, RBX=0x0000000000000000, RCX=0x0000000000000000, RDX=0x0000000000000000
RSP=0x00007faf514ecdc0, RBP=0x00007faf514ece00, RSI=0x00007faf5e023019, RDI=0x0000000000000000
R8 =0x0000000000000000, R9 =0x00007faf90b64900, R10=0x0000000000000001, R11=0x0000000000000000
R12=0x00007faf4c102490, R13=0x00007faf4c0a3cb0, R14=0x00007faf4c1073a0, R15=0x00007faf9089d610
RIP=0x00007faf5e023031, EFLAGS=0x0000000000010206, CSGSFS=0x002b000000000033, ERR=0x0000000000000004
  TRAPNO=0x000000000000000e

Top of Stack: (sp=0x00007faf514ecdc0)
0x00007faf514ecdc0:   0000000000000001 0000000000000000
0x00007faf514ecdd0:   0000000000000001 00007faf4c102490
0x00007faf514ecde0:   0000000000000000 00007faf9089d890
0x00007faf514ecdf0:   00007faf4c1073a0 0000000000000000
0x00007faf514ece00:   0000000000000000 00007faf908a0b4d
0x00007faf514ece10:   00007faf514ece30 00007faf4c107410
0x00007faf514ece20:   0000000000000000 00007faf90b64900
0x00007faf514ece30:   00007faf514ece48 00007faf514ece50
0x00007faf514ece40:   0000000000000000 0000000000000000
0x00007faf514ece50:   00007faf5e023019 afb4f8135a5e6700
0x00007faf514ece60:   0000000000000000 00007faf4c102490
0x00007faf514ece70:   0000000000000001 00007faf6c00ada0
0x00007faf514ece80:   0000000000000000 00007faf908b03e0
0x00007faf514ece90:   0000000000000002 00007faf908a0f20
0x00007faf514ecea0:   00007faf4c106fbc 0000000100000000
0x00007faf514eceb0:   00000000000000c8 afb4f8135a5e6700
0x00007faf514ecec0:   00007faf514ecf40 00007faf4c106fb0
0x00007faf514eced0:   00007faf4c106fbc 0000000000000000
0x00007faf514ecee0:   00007faf9faca060 00007faf908c7900
0x00007faf514ecef0:   00007faf514ed700 00007faf908a1242
0x00007faf514ecf00:   00007faf4c106fb0 0000000000000000
0x00007faf514ecf10:   00007faf4c107130 00007faf4c0f8450
0x00007faf514ecf20:   00007faf514ecf40 00007faf5e0209b9
0x00007faf514ecf30:   00007faf9faca060 00007faf4c106fb0
0x00007faf514ecf40:   0000000000000000 00007faf908c7955
0x00007faf514ecf50:   0000000000000000 00007faf9f6940a4
0x00007faf514ecf60:   0000000000000000 00007faf514ed700
0x00007faf514ecf70:   00007faf514ed700 2d07a3ac4ec2fb43
0x00007faf514ecf80:   0000000000000000 00007faf9faca060
0x00007faf514ecf90:   00007faf908c7900 00007faf514ed700
0x00007faf514ecfa0:   d2590131d002fb43 d2589d7ece18fb43
0x00007faf514ecfb0:   0000000000000000 0000000000000000 

Instructions: (pc=0x00007faf5e023031)
0x00007faf5e023011:   e8 9a d5 ff ff 90 c9 c3 55 48 89 e5 48 83 ec 40
0x00007faf5e023021:   48 89 7d c8 48 8b 45 c8 48 89 45 f8 48 8b 45 f8
0x00007faf5e023031:   48 8b 00 48 89 45 f0 e8 a3 d4 ff ff 48 89 45 e8
0x00007faf5e023041:   48 83 7d e8 00 75 3e 48 8b 05 31 24 21 00 8b 00 

Register to memory mapping:

RAX=0x0000000000000000 is an unknown value
RBX=0x0000000000000000 is an unknown value
RCX=0x0000000000000000 is an unknown value
RDX=0x0000000000000000 is an unknown value
RSP=0x00007faf514ecdc0 is an unknown value
RBP=0x00007faf514ece00 is an unknown value
RSI=0x00007faf5e023019: <offset 0x7019> in /usr/lib/x86_64-linux-gnu/jni/libatk-wrapper.so.1.2.22 at 0x00007faf5e01c000
RDI=0x0000000000000000 is an unknown value
R8 =0x0000000000000000 is an unknown value
R9 =0x00007faf90b64900: <offset 0x30d900> in /lib/x86_64-linux-gnu/libglib-2.0.so.0 at 0x00007faf90857000
R10=0x0000000000000001 is an unknown value
R11=0x0000000000000000 is an unknown value
R12=0x00007faf4c102490 is an unknown value
R13=0x00007faf4c0a3cb0 is an unknown value
R14=0x00007faf4c1073a0 is an unknown value
R15=0x00007faf9089d610: <offset 0x46610> in /lib/x86_64-linux-gnu/libglib-2.0.so.0 at 0x00007faf90857000


Stack: [0x00007faf50ced000,0x00007faf514ee000],  sp=0x00007faf514ecdc0,  free space=8191k
Native frames: (J=compiled Java code, j=interpreted, Vv=VM code, C=native code)
C  [libatk-wrapper.so.1.2.22+0x7031]


---------------  P R O C E S S  ---------------

VM state:not at safepoint (normal execution)

VM Mutex/Monitor currently owned by a thread: None

Heap
 PSYoungGen      total 10240K, used 8771K [0x00000000ef900000, 0x00000000f0400000, 0x0000000100000000)
  eden space 9216K, 95% used [0x00000000ef900000,0x00000000f0190cf8,0x00000000f0200000)
  from space 1024K, 0% used [0x00000000f0300000,0x00000000f0300000,0x00000000f0400000)
  to   space 1024K, 0% used [0x00000000f0200000,0x00000000f0200000,0x00000000f0300000)
 ParOldGen       total 22016K, used 0K [0x00000000cec00000, 0x00000000d0180000, 0x00000000ef900000)
  object space 22016K, 0% used [0x00000000cec00000,0x00000000cec00000,0x00000000d0180000)
 PSPermGen       total 32768K, used 11918K [0x00000000b6c00000, 0x00000000b8c00000, 0x00000000cec00000)
  object space 32768K, 36% used [0x00000000b6c00000,0x00000000b77a3958,0x00000000b8c00000)

Card table byte_map: [0x00007faf9c958000,0x00007faf9cba3000] byte_map_base: 0x00007faf9c3a2000

Polling page: 0x00007faf9fac6000

Code Cache  [0x00007faf95000000, 0x00007faf95270000, 0x00007faf98000000)
 total_blobs=461 nmethods=37 adapters=379 free_code_cache=48584Kb largest_free_block=49725504

Compilation events (10 events):
Event: 2.928 Thread 0x00007faf980a9800   33             java.lang.String::startsWith (72 bytes)
Event: 2.931 Thread 0x00007faf980a9800 nmethod 33 0x00007faf9508d490 code [0x00007faf9508d5e0, 0x00007faf9508d7b8]
Event: 2.951 Thread 0x00007faf980a9800   34             java.lang.Math::abs (11 bytes)
Event: 2.952 Thread 0x00007faf980a9800 nmethod 34 0x00007faf9508d290 code [0x00007faf9508d3c0, 0x00007faf9508d418]
Event: 2.970 Thread 0x00007faf980a9800   35             java.util.regex.Pattern$Start::match (90 bytes)
Event: 2.976 Thread 0x00007faf980a9800 nmethod 35 0x00007faf9508c7d0 code [0x00007faf9508c960, 0x00007faf9508cea8]
Event: 2.988 Thread 0x00007faf980a6800   36             java.lang.String::getChars (62 bytes)
Event: 2.990 Thread 0x00007faf980a6800 nmethod 36 0x00007faf9508f350 code [0x00007faf9508f4a0, 0x00007faf9508f618]
Event: 2.990 Thread 0x00007faf980a6800   37             java.lang.AbstractStringBuilder::append (48 bytes)
Event: 2.995 Thread 0x00007faf980a6800 nmethod 37 0x00007faf9508e150 code [0x00007faf9508e2c0, 0x00007faf9508e698]

GC Heap History (0 events):
No events

Deoptimization events (7 events):
Event: 0.332 Thread 0x00007faf98009800 Uncommon trap: reason=unstable_if action=reinterpret pc=0x00007faf950608f4 method=java.lang.String.indexOf(II)I @ 49
Event: 0.824 Thread 0x00007faf98009800 Uncommon trap: reason=unstable_if action=reinterpret pc=0x00007faf95065254 method=java.lang.String.replace(CC)Ljava/lang/String; @ 2
Event: 1.088 Thread 0x00007faf98009800 Uncommon trap: reason=null_check action=make_not_entrant pc=0x00007faf950629a0 method=java.lang.String.equals(Ljava/lang/Object;)Z @ 8
Event: 1.479 Thread 0x00007faf981f4800 Uncommon trap: reason=unstable_if action=reinterpret pc=0x00007faf950662ec method=java.lang.String.indexOf([CII[CIII)I @ 3
Event: 1.765 Thread 0x00007faf981f9800 Uncommon trap: reason=unstable_if action=reinterpret pc=0x00007faf9506cf80 method=java.util.Properties$LineReader.readLine()I @ 369
Event: 2.670 Thread 0x00007faf981f9800 Uncommon trap: reason=bimorphic action=maybe_recompile pc=0x00007faf95074f50 method=java.util.Properties$LineReader.readLine()I @ 62
Event: 2.822 Thread 0x00007faf981f9800 Uncommon trap: reason=unstable_if action=reinterpret pc=0x00007faf95067000 method=java.lang.String.startsWith(Ljava/lang/String;I)Z @ 25

Internal exceptions (10 events):
Event: 2.415 Thread 0x00007faf4c0b9000 Threw 0x00000000effda2e0 at /build/openjdk-7-1Vhfz6/openjdk-7-7u85-2.6.1/build/openjdk/hotspot/src/share/vm/prims/jvm.cpp:1322
Event: 2.536 Thread 0x00007faf981f9800 Threw 0x00000000f00199a8 at /build/openjdk-7-1Vhfz6/openjdk-7-7u85-2.6.1/build/openjdk/hotspot/src/share/vm/prims/jvm.cpp:1322
Event: 2.559 Thread 0x00007faf981f9800 Threw 0x00000000f0022d38 at /build/openjdk-7-1Vhfz6/openjdk-7-7u85-2.6.1/build/openjdk/hotspot/src/share/vm/prims/jvm.cpp:1322
Event: 2.566 Thread 0x00007faf981f9800 Threw 0x00000000f00266b0 at /build/openjdk-7-1Vhfz6/openjdk-7-7u85-2.6.1/build/openjdk/hotspot/src/share/vm/prims/jvm.cpp:1322
Event: 2.567 Thread 0x00007faf981f9800 Threw 0x00000000f0028838 at /build/openjdk-7-1Vhfz6/openjdk-7-7u85-2.6.1/build/openjdk/hotspot/src/share/vm/prims/jvm.cpp:1322
Event: 2.835 Thread 0x00007faf981f9800 Threw 0x00000000f008f268 at /build/openjdk-7-1Vhfz6/openjdk-7-7u85-2.6.1/build/openjdk/hotspot/src/share/vm/prims/jvm.cpp:1322
Event: 2.836 Thread 0x00007faf981f9800 Threw 0x00000000f0093298 at /build/openjdk-7-1Vhfz6/openjdk-7-7u85-2.6.1/build/openjdk/hotspot/src/share/vm/prims/jvm.cpp:1322
Event: 2.986 Thread 0x00007faf981f9800 Threw 0x00000000f0125428 at /build/openjdk-7-1Vhfz6/openjdk-7-7u85-2.6.1/build/openjdk/hotspot/src/share/vm/prims/jvm.cpp:1322
Event: 2.987 Thread 0x00007faf981f9800 Threw 0x00000000f0127b30 at /build/openjdk-7-1Vhfz6/openjdk-7-7u85-2.6.1/build/openjdk/hotspot/src/share/vm/prims/jvm.cpp:1322
Event: 2.988 Thread 0x00007faf981f9800 Threw 0x00000000f0132000 at /build/openjdk-7-1Vhfz6/openjdk-7-7u85-2.6.1/build/openjdk/hotspot/src/share/vm/prims/jvm.cpp:1322

Events (10 events):
Event: 3.000 loading class 0x00007faf6c006970
Event: 3.000 loading class 0x00007faf6c006970 done
Event: 3.000 loading class 0x00007faf78036bf0
Event: 3.000 loading class 0x00007faf78036bf0 done
Event: 3.000 loading class 0x00007faf6c008e40
Event: 3.000 loading class 0x00007faf78036c10
Event: 3.000 loading class 0x00007faf78036c10 done
Event: 3.000 loading class 0x00007faf6c008e40 done
Event: 3.000 loading class 0x00007faf780925c0
Event: 3.001 loading class 0x00007faf780925c0 done


Dynamic libraries:
00400000-00401000 r-xp 00000000 fe:01 25953565                           /usr/lib/jvm/java-7-openjdk-amd64/jre/bin/java
00600000-00601000 r--p 00000000 fe:01 25953565                           /usr/lib/jvm/java-7-openjdk-amd64/jre/bin/java
00601000-00602000 rw-p 00001000 fe:01 25953565                           /usr/lib/jvm/java-7-openjdk-amd64/jre/bin/java
01664000-01685000 rw-p 00000000 00:00 0                                  [heap]
b6c00000-b8c00000 rw-p 00000000 00:00 0 
b8c00000-cec00000 rw-p 00000000 00:00 0 
cec00000-d0180000 rw-p 00000000 00:00 0 
d0180000-ef900000 rw-p 00000000 00:00 0 
ef900000-f0400000 rw-p 00000000 00:00 0 
f0400000-100000000 rw-p 00000000 00:00 0 
7faf4c000000-7faf4c118000 rw-p 00000000 00:00 0 
7faf4c118000-7faf50000000 ---p 00000000 00:00 0 
7faf50ced000-7faf50cee000 ---p 00000000 00:00 0 
7faf50cee000-7faf514ee000 rw-p 00000000 00:00 0                          [stack:19950]
7faf514ee000-7faf514f6000 r-xp 00000000 fe:01 25305563                   /usr/lib/x86_64-linux-gnu/libgif.so.4.1.6
7faf514f6000-7faf516f5000 ---p 00008000 fe:01 25305563                   /usr/lib/x86_64-linux-gnu/libgif.so.4.1.6
7faf516f5000-7faf516f6000 r--p 00007000 fe:01 25305563                   /usr/lib/x86_64-linux-gnu/libgif.so.4.1.6
7faf516f6000-7faf516f7000 rw-p 00008000 fe:01 25305563                   /usr/lib/x86_64-linux-gnu/libgif.so.4.1.6
7faf516f7000-7faf5174f000 r-xp 00000000 fe:01 25303124                   /usr/lib/x86_64-linux-gnu/libjpeg.so.62.1.0
7faf5174f000-7faf5194e000 ---p 00058000 fe:01 25303124                   /usr/lib/x86_64-linux-gnu/libjpeg.so.62.1.0
7faf5194e000-7faf5194f000 r--p 00057000 fe:01 25303124                   /usr/lib/x86_64-linux-gnu/libjpeg.so.62.1.0
7faf5194f000-7faf51950000 rw-p 00058000 fe:01 25303124                   /usr/lib/x86_64-linux-gnu/libjpeg.so.62.1.0
7faf51950000-7faf5195a000 r-xp 00000000 fe:01 25953545                   /usr/lib/jvm/java-7-openjdk-amd64/jre/lib/amd64/libsplashscreen.so
7faf5195a000-7faf51b59000 ---p 0000a000 fe:01 25953545                   /usr/lib/jvm/java-7-openjdk-amd64/jre/lib/amd64/libsplashscreen.so
7faf51b59000-7faf51b5a000 r--p 00009000 fe:01 25953545                   /usr/lib/jvm/java-7-openjdk-amd64/jre/lib/amd64/libsplashscreen.so
7faf51b5a000-7faf51b5b000 rw-p 0000a000 fe:01 25953545                   /usr/lib/jvm/java-7-openjdk-amd64/jre/lib/amd64/libsplashscreen.so
7faf51b5b000-7faf51b5e000 rw-p 00000000 00:00 0 
7faf51b5e000-7faf51b61000 ---p 00000000 00:00 0 
7faf51b61000-7faf51d5f000 rw-p 00000000 00:00 0                          [stack:19949]
7faf51d5f000-7faf51d62000 ---p 00000000 00:00 0 
7faf51d62000-7faf51f60000 rw-p 00000000 00:00 0                          [stack:19948]
7faf51f60000-7faf51f63000 ---p 00000000 00:00 0 
7faf51f63000-7faf52161000 rw-p 00000000 00:00 0                          [stack:19947]
7faf52161000-7faf5217b000 r-xp 00000000 fe:01 25304051                   /usr/lib/x86_64-linux-gnu/libgraphite2.so.3.0.1
7faf5217b000-7faf5237a000 ---p 0001a000 fe:01 25304051                   /usr/lib/x86_64-linux-gnu/libgraphite2.so.3.0.1
7faf5237a000-7faf5237c000 r--p 00019000 fe:01 25304051                   /usr/lib/x86_64-linux-gnu/libgraphite2.so.3.0.1
7faf5237c000-7faf5237d000 rw-p 0001b000 fe:01 25304051                   /usr/lib/x86_64-linux-gnu/libgraphite2.so.3.0.1
7faf5237d000-7faf52383000 r-xp 00000000 fe:01 25306165                   /usr/lib/x86_64-linux-gnu/libdatrie.so.1.3.2
7faf52383000-7faf52583000 ---p 00006000 fe:01 25306165                   /usr/lib/x86_64-linux-gnu/libdatrie.so.1.3.2
7faf52583000-7faf52584000 r--p 00006000 fe:01 25306165                   /usr/lib/x86_64-linux-gnu/libdatrie.so.1.3.2
7faf52584000-7faf52585000 rw-p 00007000 fe:01 25306165                   /usr/lib/x86_64-linux-gnu/libdatrie.so.1.3.2
7faf52585000-7faf525e2000 r-xp 00000000 fe:01 25305060                   /usr/lib/x86_64-linux-gnu/libharfbuzz.so.0.10000.1
7faf525e2000-7faf527e2000 ---p 0005d000 fe:01 25305060                   /usr/lib/x86_64-linux-gnu/libharfbuzz.so.0.10000.1
7faf527e2000-7faf527e3000 r--p 0005d000 fe:01 25305060                   /usr/lib/x86_64-linux-gnu/libharfbuzz.so.0.10000.1
7faf527e3000-7faf527e4000 rw-p 0005e000 fe:01 25305060                   /usr/lib/x86_64-linux-gnu/libharfbuzz.so.0.10000.1
7faf527e4000-7faf527ed000 r-xp 00000000 fe:01 25304015                   /usr/lib/x86_64-linux-gnu/libxcb-render.so.0.0.0
7faf527ed000-7faf529ec000 ---p 00009000 fe:01 25304015                   /usr/lib/x86_64-linux-gnu/libxcb-render.so.0.0.0
7faf529ec000-7faf529ed000 r--p 00008000 fe:01 25304015                   /usr/lib/x86_64-linux-gnu/libxcb-render.so.0.0.0
7faf529ed000-7faf529ee000 rw-p 00009000 fe:01 25304015                   /usr/lib/x86_64-linux-gnu/libxcb-render.so.0.0.0
7faf529ee000-7faf529f0000 r-xp 00000000 fe:01 25304017                   /usr/lib/x86_64-linux-gnu/libxcb-shm.so.0.0.0
7faf529f0000-7faf52bf0000 ---p 00002000 fe:01 25304017                   /usr/lib/x86_64-linux-gnu/libxcb-shm.so.0.0.0
7faf52bf0000-7faf52bf1000 r--p 00002000 fe:01 25304017                   /usr/lib/x86_64-linux-gnu/libxcb-shm.so.0.0.0
7faf52bf1000-7faf52bf2000 rw-p 00003000 fe:01 25304017                   /usr/lib/x86_64-linux-gnu/libxcb-shm.so.0.0.0
7faf52bf2000-7faf52c97000 r-xp 00000000 fe:01 25304013                   /usr/lib/x86_64-linux-gnu/libpixman-1.so.0.32.6
7faf52c97000-7faf52e96000 ---p 000a5000 fe:01 25304013                   /usr/lib/x86_64-linux-gnu/libpixman-1.so.0.32.6
7faf52e96000-7faf52e9e000 r--p 000a4000 fe:01 25304013                   /usr/lib/x86_64-linux-gnu/libpixman-1.so.0.32.6
7faf52e9e000-7faf52e9f000 rw-p 000ac000 fe:01 25304013                   /usr/lib/x86_64-linux-gnu/libpixman-1.so.0.32.6
7faf52e9f000-7faf52ea7000 r-xp 00000000 fe:01 25308358                   /usr/lib/x86_64-linux-gnu/libthai.so.0.2.2
7faf52ea7000-7faf530a6000 ---p 00008000 fe:01 25308358                   /usr/lib/x86_64-linux-gnu/libthai.so.0.2.2
7faf530a6000-7faf530a7000 r--p 00007000 fe:01 25308358                   /usr/lib/x86_64-linux-gnu/libthai.so.0.2.2
7faf530a7000-7faf530a8000 rw-p 00008000 fe:01 25308358                   /usr/lib/x86_64-linux-gnu/libthai.so.0.2.2
7faf530a8000-7faf530bc000 r-xp 00000000 fe:01 25304057                   /usr/lib/x86_64-linux-gnu/libpangoft2-1.0.so.0.3600.8
7faf530bc000-7faf532bc000 ---p 00014000 fe:01 25304057                   /usr/lib/x86_64-linux-gnu/libpangoft2-1.0.so.0.3600.8
7faf532bc000-7faf532bd000 r--p 00014000 fe:01 25304057                   /usr/lib/x86_64-linux-gnu/libpangoft2-1.0.so.0.3600.8
7faf532bd000-7faf532be000 rw-p 00015000 fe:01 25304057                   /usr/lib/x86_64-linux-gnu/libpangoft2-1.0.so.0.3600.8
7faf532be000-7faf53397000 r-xp 00000000 fe:01 25312266                   /usr/lib/x86_64-linux-gnu/libepoxy.so.0.0.0
7faf53397000-7faf53596000 ---p 000d9000 fe:01 25312266                   /usr/lib/x86_64-linux-gnu/libepoxy.so.0.0.0
7faf53596000-7faf5359d000 r--p 000d8000 fe:01 25312266                   /usr/lib/x86_64-linux-gnu/libepoxy.so.0.0.0
7faf5359d000-7faf535a4000 rw-p 000df000 fe:01 25312266                   /usr/lib/x86_64-linux-gnu/libepoxy.so.0.0.0
7faf535a4000-7faf535b0000 r-xp 00000000 fe:01 25305194                   /usr/lib/x86_64-linux-gnu/libwayland-client.so.0.3.0
7faf535b0000-7faf537af000 ---p 0000c000 fe:01 25305194                   /usr/lib/x86_64-linux-gnu/libwayland-client.so.0.3.0
7faf537af000-7faf537b2000 r--p 0000b000 fe:01 25305194                   /usr/lib/x86_64-linux-gnu/libwayland-client.so.0.3.0
7faf537b2000-7faf537b3000 rw-p 0000e000 fe:01 25305194                   /usr/lib/x86_64-linux-gnu/libwayland-client.so.0.3.0
7faf537b3000-7faf537b4000 r-xp 00000000 fe:01 25306172                   /usr/lib/x86_64-linux-gnu/libwayland-egl.so.1.0.0
7faf537b4000-7faf539b3000 ---p 00001000 fe:01 25306172                   /usr/lib/x86_64-linux-gnu/libwayland-egl.so.1.0.0
7faf539b3000-7faf539b4000 r--p 00000000 fe:01 25306172                   /usr/lib/x86_64-linux-gnu/libwayland-egl.so.1.0.0
7faf539b4000-7faf539b5000 rw-p 00001000 fe:01 25306172                   /usr/lib/x86_64-linux-gnu/libwayland-egl.so.1.0.0
7faf539b5000-7faf539b9000 r-xp 00000000 fe:01 25306659                   /usr/lib/x86_64-linux-gnu/libwayland-cursor.so.0.0.0
7faf539b9000-7faf53bb8000 ---p 00004000 fe:01 25306659                   /usr/lib/x86_64-linux-gnu/libwayland-cursor.so.0.0.0
7faf53bb8000-7faf53bb9000 r--p 00003000 fe:01 25306659                   /usr/lib/x86_64-linux-gnu/libwayland-cursor.so.0.0.0
7faf53bb9000-7faf53bbd000 rw-p 00004000 fe:01 25306659                   /usr/lib/x86_64-linux-gnu/libwayland-cursor.so.0.0.0
7faf53bbd000-7faf53bfa000 r-xp 00000000 fe:01 25311575                   /usr/lib/x86_64-linux-gnu/libxkbcommon.so.0.0.0
7faf53bfa000-7faf53dfa000 ---p 0003d000 fe:01 25311575                   /usr/lib/x86_64-linux-gnu/libxkbcommon.so.0.0.0
7faf53dfa000-7faf53dfc000 r--p 0003d000 fe:01 25311575                   /usr/lib/x86_64-linux-gnu/libxkbcommon.so.0.0.0
7faf53dfc000-7faf53dfd000 rw-p 0003f000 fe:01 25311575                   /usr/lib/x86_64-linux-gnu/libxkbcommon.so.0.0.0
7faf53dfd000-7faf53dff000 r-xp 00000000 fe:01 25304462                   /usr/lib/x86_64-linux-gnu/libXdamage.so.1.1.0
7faf53dff000-7faf53ffe000 ---p 00002000 fe:01 25304462                   /usr/lib/x86_64-linux-gnu/libXdamage.so.1.1.0
7faf53ffe000-7faf53fff000 r--p 00001000 fe:01 25304462                   /usr/lib/x86_64-linux-gnu/libXdamage.so.1.1.0
7faf53fff000-7faf54000000 rw-p 00002000 fe:01 25304462                   /usr/lib/x86_64-linux-gnu/libXdamage.so.1.1.0
7faf54000000-7faf54026000 rw-p 00000000 00:00 0 
7faf54026000-7faf58000000 ---p 00000000 00:00 0 
7faf58000000-7faf58021000 rw-p 00000000 00:00 0 
7faf58021000-7faf5c000000 ---p 00000000 00:00 0 
7faf5c069000-7faf5c06b000 r-xp 00000000 fe:01 25304456                   /usr/lib/x86_64-linux-gnu/libXcomposite.so.1.0.0
7faf5c06b000-7faf5c26a000 ---p 00002000 fe:01 25304456                   /usr/lib/x86_64-linux-gnu/libXcomposite.so.1.0.0
7faf5c26a000-7faf5c26b000 r--p 00001000 fe:01 25304456                   /usr/lib/x86_64-linux-gnu/libXcomposite.so.1.0.0
7faf5c26b000-7faf5c26c000 rw-p 00002000 fe:01 25304456                   /usr/lib/x86_64-linux-gnu/libXcomposite.so.1.0.0
7faf5c26c000-7faf5c276000 r-xp 00000000 fe:01 25301668                   /usr/lib/x86_64-linux-gnu/libXrandr.so.2.2.0
7faf5c276000-7faf5c475000 ---p 0000a000 fe:01 25301668                   /usr/lib/x86_64-linux-gnu/libXrandr.so.2.2.0
7faf5c475000-7faf5c476000 r--p 00009000 fe:01 25301668                   /usr/lib/x86_64-linux-gnu/libXrandr.so.2.2.0
7faf5c476000-7faf5c477000 rw-p 0000a000 fe:01 25301668                   /usr/lib/x86_64-linux-gnu/libXrandr.so.2.2.0
7faf5c477000-7faf5c479000 r-xp 00000000 fe:01 25304464                   /usr/lib/x86_64-linux-gnu/libXinerama.so.1.0.0
7faf5c479000-7faf5c678000 ---p 00002000 fe:01 25304464                   /usr/lib/x86_64-linux-gnu/libXinerama.so.1.0.0
7faf5c678000-7faf5c679000 r--p 00001000 fe:01 25304464                   /usr/lib/x86_64-linux-gnu/libXinerama.so.1.0.0
7faf5c679000-7faf5c67a000 rw-p 00002000 fe:01 25304464                   /usr/lib/x86_64-linux-gnu/libXinerama.so.1.0.0
7faf5c67a000-7faf5c78a000 r-xp 00000000 fe:01 25303915                   /usr/lib/x86_64-linux-gnu/libcairo.so.2.11400.2
7faf5c78a000-7faf5c98a000 ---p 00110000 fe:01 25303915                   /usr/lib/x86_64-linux-gnu/libcairo.so.2.11400.2
7faf5c98a000-7faf5c98d000 r--p 00110000 fe:01 25303915                   /usr/lib/x86_64-linux-gnu/libcairo.so.2.11400.2
7faf5c98d000-7faf5c98e000 rw-p 00113000 fe:01 25303915                   /usr/lib/x86_64-linux-gnu/libcairo.so.2.11400.2
7faf5c98e000-7faf5c990000 rw-p 00000000 00:00 0 
7faf5c990000-7faf5c996000 r-xp 00000000 fe:01 25304264                   /usr/lib/x86_64-linux-gnu/libcairo-gobject.so.2.11400.2
7faf5c996000-7faf5cb96000 ---p 00006000 fe:01 25304264                   /usr/lib/x86_64-linux-gnu/libcairo-gobject.so.2.11400.2
7faf5cb96000-7faf5cb98000 r--p 00006000 fe:01 25304264                   /usr/lib/x86_64-linux-gnu/libcairo-gobject.so.2.11400.2
7faf5cb98000-7faf5cb99000 rw-p 00008000 fe:01 25304264                   /usr/lib/x86_64-linux-gnu/libcairo-gobject.so.2.11400.2
7faf5cb99000-7faf5cbba000 r-xp 00000000 fe:01 25305955                   /usr/lib/x86_64-linux-gnu/libgdk_pixbuf-2.0.so.0.3100.5
7faf5cbba000-7faf5cdb9000 ---p 00021000 fe:01 25305955                   /usr/lib/x86_64-linux-gnu/libgdk_pixbuf-2.0.so.0.3100.5
7faf5cdb9000-7faf5cdba000 r--p 00020000 fe:01 25305955                   /usr/lib/x86_64-linux-gnu/libgdk_pixbuf-2.0.so.0.3100.5
7faf5cdba000-7faf5cdbb000 rw-p 00021000 fe:01 25305955                   /usr/lib/x86_64-linux-gnu/libgdk_pixbuf-2.0.so.0.3100.5
7faf5cdbb000-7faf5ce06000 r-xp 00000000 fe:01 25304049                   /usr/lib/x86_64-linux-gnu/libpango-1.0.so.0.3600.8
7faf5ce06000-7faf5d006000 ---p 0004b000 fe:01 25304049                   /usr/lib/x86_64-linux-gnu/libpango-1.0.so.0.3600.8
7faf5d006000-7faf5d008000 r--p 0004b000 fe:01 25304049                   /usr/lib/x86_64-linux-gnu/libpango-1.0.so.0.3600.8
7faf5d008000-7faf5d009000 rw-p 0004d000 fe:01 25304049                   /usr/lib/x86_64-linux-gnu/libpango-1.0.so.0.3600.8
7faf5d009000-7faf5d015000 r-xp 00000000 fe:01 25304059                   /usr/lib/x86_64-linux-gnu/libpangocairo-1.0.so.0.3600.8
7faf5d015000-7faf5d214000 ---p 0000c000 fe:01 25304059                   /usr/lib/x86_64-linux-gnu/libpangocairo-1.0.so.0.3600.8
7faf5d214000-7faf5d215000 r--p 0000b000 fe:01 25304059                   /usr/lib/x86_64-linux-gnu/libpangocairo-1.0.so.0.3600.8
7faf5d215000-7faf5d216000 rw-p 0000c000 fe:01 25304059                   /usr/lib/x86_64-linux-gnu/libpangocairo-1.0.so.0.3600.8
7faf5d216000-7faf5d2d7000 r-xp 00000000 fe:01 25304755                   /usr/lib/x86_64-linux-gnu/libgdk-3.so.0.1600.6
7faf5d2d7000-7faf5d4d6000 ---p 000c1000 fe:01 25304755                   /usr/lib/x86_64-linux-gnu/libgdk-3.so.0.1600.6
7faf5d4d6000-7faf5d4db000 r--p 000c0000 fe:01 25304755                   /usr/lib/x86_64-linux-gnu/libgdk-3.so.0.1600.6
7faf5d4db000-7faf5d4dd000 rw-p 000c5000 fe:01 25304755                   /usr/lib/x86_64-linux-gnu/libgdk-3.so.0.1600.6
7faf5d4dd000-7faf5d4de000 rw-p 00000000 00:00 0 
7faf5d4de000-7faf5d58e000 r-xp 00000000 fe:01 25304184                   /usr/lib/x86_64-linux-gnu/libgdk-x11-2.0.so.0.2400.28
7faf5d58e000-7faf5d78e000 ---p 000b0000 fe:01 25304184                   /usr/lib/x86_64-linux-gnu/libgdk-x11-2.0.so.0.2400.28
7faf5d78e000-7faf5d792000 r--p 000b0000 fe:01 25304184                   /usr/lib/x86_64-linux-gnu/libgdk-x11-2.0.so.0.2400.28
7faf5d792000-7faf5d794000 rw-p 000b4000 fe:01 25304184                   /usr/lib/x86_64-linux-gnu/libgdk-x11-2.0.so.0.2400.28
7faf5d794000-7faf5d795000 r-xp 00000000 fe:01 25307309                   /usr/lib/x86_64-linux-gnu/libgthread-2.0.so.0.4400.1
7faf5d795000-7faf5d994000 ---p 00001000 fe:01 25307309                   /usr/lib/x86_64-linux-gnu/libgthread-2.0.so.0.4400.1
7faf5d994000-7faf5d995000 r--p 00000000 fe:01 25307309                   /usr/lib/x86_64-linux-gnu/libgthread-2.0.so.0.4400.1
7faf5d995000-7faf5d996000 rw-p 00001000 fe:01 25307309                   /usr/lib/x86_64-linux-gnu/libgthread-2.0.so.0.4400.1
7faf5d996000-7faf5d9c3000 r-xp 00000000 fe:01 25306495                   /usr/lib/x86_64-linux-gnu/libatspi.so.0.0.1
7faf5d9c3000-7faf5dbc2000 ---p 0002d000 fe:01 25306495                   /usr/lib/x86_64-linux-gnu/libatspi.so.0.0.1
7faf5dbc2000-7faf5dbc6000 r--p 0002c000 fe:01 25306495                   /usr/lib/x86_64-linux-gnu/libatspi.so.0.0.1
7faf5dbc6000-7faf5dbc7000 rw-p 00030000 fe:01 25306495                   /usr/lib/x86_64-linux-gnu/libatspi.so.0.0.1
7faf5dbc7000-7faf5dbf3000 r-xp 00000000 fe:01 25304262                   /usr/lib/x86_64-linux-gnu/libatk-bridge-2.0.so.0.0.0
7faf5dbf3000-7faf5ddf3000 ---p 0002c000 fe:01 25304262                   /usr/lib/x86_64-linux-gnu/libatk-bridge-2.0.so.0.0.0
7faf5ddf3000-7faf5ddf4000 r--p 0002c000 fe:01 25304262                   /usr/lib/x86_64-linux-gnu/libatk-bridge-2.0.so.0.0.0
7faf5ddf4000-7faf5ddf6000 rw-p 0002d000 fe:01 25304262                   /usr/lib/x86_64-linux-gnu/libatk-bridge-2.0.so.0.0.0
7faf5ddf6000-7faf5de19000 r-xp 00000000 fe:01 25304272                   /usr/lib/x86_64-linux-gnu/libatk-1.0.so.0.21609.1
7faf5de19000-7faf5e018000 ---p 00023000 fe:01 25304272                   /usr/lib/x86_64-linux-gnu/libatk-1.0.so.0.21609.1
7faf5e018000-7faf5e01b000 r--p 00022000 fe:01 25304272                   /usr/lib/x86_64-linux-gnu/libatk-1.0.so.0.21609.1
7faf5e01b000-7faf5e01c000 rw-p 00025000 fe:01 25304272                   /usr/lib/x86_64-linux-gnu/libatk-1.0.so.0.21609.1
7faf5e01c000-7faf5e035000 r-xp 00000000 fe:01 25690135                   /usr/lib/x86_64-linux-gnu/jni/libatk-wrapper.so.1.2.22
7faf5e035000-7faf5e235000 ---p 00019000 fe:01 25690135                   /usr/lib/x86_64-linux-gnu/jni/libatk-wrapper.so.1.2.22
7faf5e235000-7faf5e236000 rw-p 00019000 fe:01 25690135                   /usr/lib/x86_64-linux-gnu/jni/libatk-wrapper.so.1.2.22
7faf5e236000-7faf5e239000 ---p 00000000 00:00 0 
7faf5e239000-7faf5e437000 rw-p 00000000 00:00 0                          [stack:19944]
7faf5e437000-7faf5e43c000 r-xp 00000000 fe:01 25304458                   /usr/lib/x86_64-linux-gnu/libXfixes.so.3.1.0
7faf5e43c000-7faf5e63b000 ---p 00005000 fe:01 25304458                   /usr/lib/x86_64-linux-gnu/libXfixes.so.3.1.0
7faf5e63b000-7faf5e63c000 r--p 00004000 fe:01 25304458                   /usr/lib/x86_64-linux-gnu/libXfixes.so.3.1.0
7faf5e63c000-7faf5e63d000 rw-p 00005000 fe:01 25304458                   /usr/lib/x86_64-linux-gnu/libXfixes.so.3.1.0
7faf5e63d000-7faf5e647000 r-xp 00000000 fe:01 25304460                   /usr/lib/x86_64-linux-gnu/libXcursor.so.1.0.2
7faf5e647000-7faf5e846000 ---p 0000a000 fe:01 25304460                   /usr/lib/x86_64-linux-gnu/libXcursor.so.1.0.2
7faf5e846000-7faf5e847000 r--p 00009000 fe:01 25304460                   /usr/lib/x86_64-linux-gnu/libXcursor.so.1.0.2
7faf5e847000-7faf5e848000 rw-p 0000a000 fe:01 25304460                   /usr/lib/x86_64-linux-gnu/libXcursor.so.1.0.2
7faf5e848000-7faf5e84b000 ---p 00000000 00:00 0 
7faf5e84b000-7faf5ea49000 rw-p 00000000 00:00 0                          [stack:19943]
7faf5ea49000-7faf5ea4c000 ---p 00000000 00:00 0 
7faf5ea4c000-7faf5ec4a000 rw-p 00000000 00:00 0                          [stack:19942]
7faf5ec4a000-7faf5ec4d000 ---p 00000000 00:00 0 
7faf5ec4d000-7faf5ee4b000 rw-p 00000000 00:00 0                          [stack:19941]
7faf5ee4b000-7faf5ee4e000 ---p 00000000 00:00 0 
7faf5ee4e000-7faf5f04c000 rw-p 00000000 00:00 0                          [stack:19940]
7faf5f04c000-7faf5f093000 r-xp 00000000 fe:01 9437233                    /lib/x86_64-linux-gnu/libdbus-1.so.3.8.13
7faf5f093000-7faf5f293000 ---p 00047000 fe:01 9437233                    /lib/x86_64-linux-gnu/libdbus-1.so.3.8.13
7faf5f293000-7faf5f294000 r--p 00047000 fe:01 9437233                    /lib/x86_64-linux-gnu/libdbus-1.so.3.8.13
7faf5f294000-7faf5f295000 rw-p 00048000 fe:01 9437233                    /lib/x86_64-linux-gnu/libdbus-1.so.3.8.13
7faf5f295000-7faf5f316000 r-xp 00000000 fe:01 25303195                   /usr/lib/x86_64-linux-gnu/libgmp.so.10.2.0
7faf5f316000-7faf5f516000 ---p 00081000 fe:01 25303195                   /usr/lib/x86_64-linux-gnu/libgmp.so.10.2.0
7faf5f516000-7faf5f517000 r--p 00081000 fe:01 25303195                   /usr/lib/x86_64-linux-gnu/libgmp.so.10.2.0
7faf5f517000-7faf5f518000 rw-p 00082000 fe:01 25303195                   /usr/lib/x86_64-linux-gnu/libgmp.so.10.2.0
7faf5f518000-7faf5f54a000 r-xp 00000000 fe:01 25302233                   /usr/lib/x86_64-linux-gnu/libhogweed.so.4.1
7faf5f54a000-7faf5f74a000 ---p 00032000 fe:01 25302233                   /usr/lib/x86_64-linux-gnu/libhogweed.so.4.1
7faf5f74a000-7faf5f74b000 r--p 00032000 fe:01 25302233                   /usr/lib/x86_64-linux-gnu/libhogweed.so.4.1
7faf5f74b000-7faf5f74c000 rw-p 00033000 fe:01 25302233                   /usr/lib/x86_64-linux-gnu/libhogweed.so.4.1
7faf5f74c000-7faf5f781000 r-xp 00000000 fe:01 25310652                   /usr/lib/x86_64-linux-gnu/libnettle.so.6.1
7faf5f781000-7faf5f980000 ---p 00035000 fe:01 25310652                   /usr/lib/x86_64-linux-gnu/libnettle.so.6.1
7faf5f980000-7faf5f982000 r--p 00034000 fe:01 25310652                   /usr/lib/x86_64-linux-gnu/libnettle.so.6.1
7faf5f982000-7faf5f983000 rw-p 00036000 fe:01 25310652                   /usr/lib/x86_64-linux-gnu/libnettle.so.6.1
7faf5f983000-7faf5f994000 r-xp 00000000 fe:01 25300198                   /usr/lib/x86_64-linux-gnu/libtasn1.so.6.4.2
7faf5f994000-7faf5fb94000 ---p 00011000 fe:01 25300198                   /usr/lib/x86_64-linux-gnu/libtasn1.so.6.4.2
7faf5fb94000-7faf5fb95000 r--p 00011000 fe:01 25300198                   /usr/lib/x86_64-linux-gnu/libtasn1.so.6.4.2
7faf5fb95000-7faf5fb96000 rw-p 00012000 fe:01 25300198                   /usr/lib/x86_64-linux-gnu/libtasn1.so.6.4.2
7faf5fb96000-7faf5fbf0000 r-xp 00000000 fe:01 25301464                   /usr/lib/x86_64-linux-gnu/libp11-kit.so.0.1.0
7faf5fbf0000-7faf5fdf0000 ---p 0005a000 fe:01 25301464                   /usr/lib/x86_64-linux-gnu/libp11-kit.so.0.1.0
7faf5fdf0000-7faf5fdfa000 r--p 0005a000 fe:01 25301464                   /usr/lib/x86_64-linux-gnu/libp11-kit.so.0.1.0
7faf5fdfa000-7faf5fdfc000 rw-p 00064000 fe:01 25301464                   /usr/lib/x86_64-linux-gnu/libp11-kit.so.0.1.0
7faf5fdfc000-7faf5fdff000 r-xp 00000000 fe:01 9437240                    /lib/x86_64-linux-gnu/libkeyutils.so.1.5
7faf5fdff000-7faf5fffe000 ---p 00003000 fe:01 9437240                    /lib/x86_64-linux-gnu/libkeyutils.so.1.5
7faf5fffe000-7faf5ffff000 r--p 00002000 fe:01 9437240                    /lib/x86_64-linux-gnu/libkeyutils.so.1.5
7faf5ffff000-7faf60000000 rw-p 00003000 fe:01 9437240                    /lib/x86_64-linux-gnu/libkeyutils.so.1.5
7faf60000000-7faf60021000 rw-p 00000000 00:00 0 
7faf60021000-7faf64000000 ---p 00000000 00:00 0 
7faf64000000-7faf64021000 rw-p 00000000 00:00 0 
7faf64021000-7faf68000000 ---p 00000000 00:00 0 
7faf68107000-7faf6810a000 ---p 00000000 00:00 0 
7faf6810a000-7faf68140000 rw-p 00000000 00:00 0                          [stack:19946]
7faf68140000-7faf68175000 r--s 00000000 fe:01 787928                     /var/cache/nscd/hosts
7faf68175000-7faf68180000 r-xp 00000000 fe:01 25303312                   /usr/lib/x86_64-linux-gnu/libkrb5support.so.0.1
7faf68180000-7faf6837f000 ---p 0000b000 fe:01 25303312                   /usr/lib/x86_64-linux-gnu/libkrb5support.so.0.1
7faf6837f000-7faf68380000 r--p 0000a000 fe:01 25303312                   /usr/lib/x86_64-linux-gnu/libkrb5support.so.0.1
7faf68380000-7faf68381000 rw-p 0000b000 fe:01 25303312                   /usr/lib/x86_64-linux-gnu/libkrb5support.so.0.1
7faf68381000-7faf68384000 r-xp 00000000 fe:01 9437434                    /lib/x86_64-linux-gnu/libcom_err.so.2.1
7faf68384000-7faf68583000 ---p 00003000 fe:01 9437434                    /lib/x86_64-linux-gnu/libcom_err.so.2.1
7faf68583000-7faf68584000 r--p 00002000 fe:01 9437434                    /lib/x86_64-linux-gnu/libcom_err.so.2.1
7faf68584000-7faf68585000 rw-p 00003000 fe:01 9437434                    /lib/x86_64-linux-gnu/libcom_err.so.2.1
7faf68585000-7faf685b3000 r-xp 00000000 fe:01 25303314                   /usr/lib/x86_64-linux-gnu/libk5crypto.so.3.1
7faf685b3000-7faf687b2000 ---p 0002e000 fe:01 25303314                   /usr/lib/x86_64-linux-gnu/libk5crypto.so.3.1
7faf687b2000-7faf687b5000 r--p 0002d000 fe:01 25303314                   /usr/lib/x86_64-linux-gnu/libk5crypto.so.3.1
7faf687b5000-7faf687b6000 rw-p 00030000 fe:01 25303314                   /usr/lib/x86_64-linux-gnu/libk5crypto.so.3.1
7faf687b6000-7faf687b7000 rw-p 00000000 00:00 0 
7faf687b7000-7faf6887e000 r-xp 00000000 fe:01 25309078                   /usr/lib/x86_64-linux-gnu/libkrb5.so.3.3
7faf6887e000-7faf68a7e000 ---p 000c7000 fe:01 25309078                   /usr/lib/x86_64-linux-gnu/libkrb5.so.3.3
7faf68a7e000-7faf68a8c000 r--p 000c7000 fe:01 25309078                   /usr/lib/x86_64-linux-gnu/libkrb5.so.3.3
7faf68a8c000-7faf68a8f000 rw-p 000d5000 fe:01 25309078                   /usr/lib/x86_64-linux-gnu/libkrb5.so.3.3
7faf68a8f000-7faf68a94000 r-xp 00000000 fe:01 25305556                   /usr/lib/x86_64-linux-gnu/libXdmcp.so.6.0.0
7faf68a94000-7faf68c93000 ---p 00005000 fe:01 25305556                   /usr/lib/x86_64-linux-gnu/libXdmcp.so.6.0.0
7faf68c93000-7faf68c94000 r--p 00004000 fe:01 25305556                   /usr/lib/x86_64-linux-gnu/libXdmcp.so.6.0.0
7faf68c94000-7faf68c95000 rw-p 00005000 fe:01 25305556                   /usr/lib/x86_64-linux-gnu/libXdmcp.so.6.0.0
7faf68c95000-7faf68c98000 r-xp 00000000 fe:01 25303904                   /usr/lib/x86_64-linux-gnu/libXau.so.6.0.0
7faf68c98000-7faf68e97000 ---p 00003000 fe:01 25303904                   /usr/lib/x86_64-linux-gnu/libXau.so.6.0.0
7faf68e97000-7faf68e98000 r--p 00002000 fe:01 25303904                   /usr/lib/x86_64-linux-gnu/libXau.so.6.0.0
7faf68e98000-7faf68e99000 rw-p 00003000 fe:01 25303904                   /usr/lib/x86_64-linux-gnu/libXau.so.6.0.0
7faf68e99000-7faf68ebf000 r-xp 00000000 fe:01 9437673                    /lib/x86_64-linux-gnu/libpng12.so.0.50.0
7faf68ebf000-7faf690be000 ---p 00026000 fe:01 9437673                    /lib/x86_64-linux-gnu/libpng12.so.0.50.0
7faf690be000-7faf690bf000 r--p 00025000 fe:01 9437673                    /lib/x86_64-linux-gnu/libpng12.so.0.50.0
7faf690bf000-7faf690c0000 rw-p 00026000 fe:01 9437673                    /lib/x86_64-linux-gnu/libpng12.so.0.50.0
7faf690c0000-7faf690e6000 r-xp 00000000 fe:01 9437281                    /lib/x86_64-linux-gnu/libexpat.so.1.6.0
7faf690e6000-7faf692e5000 ---p 00026000 fe:01 9437281                    /lib/x86_64-linux-gnu/libexpat.so.1.6.0
7faf692e5000-7faf692e8000 r--p 00025000 fe:01 9437281                    /lib/x86_64-linux-gnu/libexpat.so.1.6.0
7faf692e8000-7faf692e9000 rw-p 00028000 fe:01 9437281                    /lib/x86_64-linux-gnu/libexpat.so.1.6.0
7faf692e9000-7faf692f9000 r-xp 00000000 fe:01 25304453                   /usr/lib/x86_64-linux-gnu/libavahi-client.so.3.2.9
7faf692f9000-7faf694f8000 ---p 00010000 fe:01 25304453                   /usr/lib/x86_64-linux-gnu/libavahi-client.so.3.2.9
7faf694f8000-7faf694f9000 r--p 0000f000 fe:01 25304453                   /usr/lib/x86_64-linux-gnu/libavahi-client.so.3.2.9
7faf694f9000-7faf694fa000 rw-p 00010000 fe:01 25304453                   /usr/lib/x86_64-linux-gnu/libavahi-client.so.3.2.9
7faf694fa000-7faf69506000 r-xp 00000000 fe:01 25304451                   /usr/lib/x86_64-linux-gnu/libavahi-common.so.3.5.3
7faf69506000-7faf69705000 ---p 0000c000 fe:01 25304451                   /usr/lib/x86_64-linux-gnu/libavahi-common.so.3.5.3
7faf69705000-7faf69706000 r--p 0000b000 fe:01 25304451                   /usr/lib/x86_64-linux-gnu/libavahi-common.so.3.5.3
7faf69706000-7faf69707000 rw-p 0000c000 fe:01 25304451                   /usr/lib/x86_64-linux-gnu/libavahi-common.so.3.5.3
7faf69707000-7faf6981d000 r-xp 00000000 fe:01 25310096                   /usr/lib/x86_64-linux-gnu/libgnutls-deb0.so.28.41.9
7faf6981d000-7faf69a1d000 ---p 00116000 fe:01 25310096                   /usr/lib/x86_64-linux-gnu/libgnutls-deb0.so.28.41.9
7faf69a1d000-7faf69a26000 r--p 00116000 fe:01 25310096                   /usr/lib/x86_64-linux-gnu/libgnutls-deb0.so.28.41.9
7faf69a26000-7faf69a28000 rw-p 0011f000 fe:01 25310096                   /usr/lib/x86_64-linux-gnu/libgnutls-deb0.so.28.41.9
7faf69a28000-7faf69a29000 rw-p 00000000 00:00 0 
7faf69a29000-7faf69a70000 r-xp 00000000 fe:01 25304651                   /usr/lib/x86_64-linux-gnu/libgssapi_krb5.so.2.2
7faf69a70000-7faf69c6f000 ---p 00047000 fe:01 25304651                   /usr/lib/x86_64-linux-gnu/libgssapi_krb5.so.2.2
7faf69c6f000-7faf69c71000 r--p 00046000 fe:01 25304651                   /usr/lib/x86_64-linux-gnu/libgssapi_krb5.so.2.2
7faf69c71000-7faf69c73000 rw-p 00048000 fe:01 25304651                   /usr/lib/x86_64-linux-gnu/libgssapi_krb5.so.2.2
7faf69c73000-7faf69c94000 r-xp 00000000 fe:01 25303908                   /usr/lib/x86_64-linux-gnu/libxcb.so.1.1.0
7faf69c94000-7faf69e93000 ---p 00021000 fe:01 25303908                   /usr/lib/x86_64-linux-gnu/libxcb.so.1.1.0
7faf69e93000-7faf69e94000 r--p 00020000 fe:01 25303908                   /usr/lib/x86_64-linux-gnu/libxcb.so.1.1.0
7faf69e94000-7faf69e95000 rw-p 00021000 fe:01 25303908                   /usr/lib/x86_64-linux-gnu/libxcb.so.1.1.0
7faf69e95000-7faf69f39000 r-xp 00000000 fe:01 25303139                   /usr/lib/x86_64-linux-gnu/libfreetype.so.6.11.1
7faf69f39000-7faf6a138000 ---p 000a4000 fe:01 25303139                   /usr/lib/x86_64-linux-gnu/libfreetype.so.6.11.1
7faf6a138000-7faf6a13f000 r--p 000a3000 fe:01 25303139                   /usr/lib/x86_64-linux-gnu/libfreetype.so.6.11.1
7faf6a13f000-7faf6a140000 rw-p 000aa000 fe:01 25303139                   /usr/lib/x86_64-linux-gnu/libfreetype.so.6.11.1
7faf6a140000-7faf6a17b000 r-xp 00000000 fe:01 25304010                   /usr/lib/x86_64-linux-gnu/libfontconfig.so.1.8.0
7faf6a17b000-7faf6a37a000 ---p 0003b000 fe:01 25304010                   /usr/lib/x86_64-linux-gnu/libfontconfig.so.1.8.0
7faf6a37a000-7faf6a37c000 r--p 0003a000 fe:01 25304010                   /usr/lib/x86_64-linux-gnu/libfontconfig.so.1.8.0
7faf6a37c000-7faf6a37d000 rw-p 0003c000 fe:01 25304010                   /usr/lib/x86_64-linux-gnu/libfontconfig.so.1.8.0
7faf6a37d000-7faf6a3f5000 r-xp 00000000 fe:01 25303138                   /usr/lib/x86_64-linux-gnu/libcups.so.2
7faf6a3f5000-7faf6a5f5000 ---p 00078000 fe:01 25303138                   /usr/lib/x86_64-linux-gnu/libcups.so.2
7faf6a5f5000-7faf6a5fd000 r--p 00078000 fe:01 25303138                   /usr/lib/x86_64-linux-gnu/libcups.so.2
7faf6a5fd000-7faf6a5fe000 rw-p 00080000 fe:01 25303138                   /usr/lib/x86_64-linux-gnu/libcups.so.2
7faf6a5fe000-7faf6a60d000 r-xp 00000000 fe:01 25304166                   /usr/lib/x86_64-linux-gnu/libXi.so.6.1.0
7faf6a60d000-7faf6a80c000 ---p 0000f000 fe:01 25304166                   /usr/lib/x86_64-linux-gnu/libXi.so.6.1.0
7faf6a80c000-7faf6a80d000 r--p 0000e000 fe:01 25304166                   /usr/lib/x86_64-linux-gnu/libXi.so.6.1.0
7faf6a80d000-7faf6a80e000 rw-p 0000f000 fe:01 25304166                   /usr/lib/x86_64-linux-gnu/libXi.so.6.1.0
7faf6a80e000-7faf6a813000 r-xp 00000000 fe:01 25304168                   /usr/lib/x86_64-linux-gnu/libXtst.so.6.1.0
7faf6a813000-7faf6aa12000 ---p 00005000 fe:01 25304168                   /usr/lib/x86_64-linux-gnu/libXtst.so.6.1.0
7faf6aa12000-7faf6aa13000 r--p 00004000 fe:01 25304168                   /usr/lib/x86_64-linux-gnu/libXtst.so.6.1.0
7faf6aa13000-7faf6aa14000 rw-p 00005000 fe:01 25304168                   /usr/lib/x86_64-linux-gnu/libXtst.so.6.1.0
7faf6aa14000-7faf6aa1d000 r-xp 00000000 fe:01 25304021                   /usr/lib/x86_64-linux-gnu/libXrender.so.1.3.0
7faf6aa1d000-7faf6ac1c000 ---p 00009000 fe:01 25304021                   /usr/lib/x86_64-linux-gnu/libXrender.so.1.3.0
7faf6ac1c000-7faf6ac1d000 r--p 00008000 fe:01 25304021                   /usr/lib/x86_64-linux-gnu/libXrender.so.1.3.0
7faf6ac1d000-7faf6ac1e000 rw-p 00009000 fe:01 25304021                   /usr/lib/x86_64-linux-gnu/libXrender.so.1.3.0
7faf6ac1e000-7faf6ad5a000 r-xp 00000000 fe:01 25303143                   /usr/lib/x86_64-linux-gnu/libX11.so.6.3.0
7faf6ad5a000-7faf6af59000 ---p 0013c000 fe:01 25303143                   /usr/lib/x86_64-linux-gnu/libX11.so.6.3.0
7faf6af59000-7faf6af5b000 r--p 0013b000 fe:01 25303143                   /usr/lib/x86_64-linux-gnu/libX11.so.6.3.0
7faf6af5b000-7faf6af60000 rw-p 0013d000 fe:01 25303143                   /usr/lib/x86_64-linux-gnu/libX11.so.6.3.0
7faf6af60000-7faf6af61000 rw-p 00000000 00:00 0 
7faf6af61000-7faf6af72000 r-xp 00000000 fe:01 25304019                   /usr/lib/x86_64-linux-gnu/libXext.so.6.4.0
7faf6af72000-7faf6b171000 ---p 00011000 fe:01 25304019                   /usr/lib/x86_64-linux-gnu/libXext.so.6.4.0
7faf6b171000-7faf6b172000 r--p 00010000 fe:01 25304019                   /usr/lib/x86_64-linux-gnu/libXext.so.6.4.0
7faf6b172000-7faf6b173000 rw-p 00011000 fe:01 25304019                   /usr/lib/x86_64-linux-gnu/libXext.so.6.4.0
7faf6b173000-7faf6b1bc000 r-xp 00000000 fe:01 26354861                   /usr/lib/jvm/java-7-openjdk-amd64/jre/lib/amd64/xawt/libmawt.so
7faf6b1bc000-7faf6b3bb000 ---p 00049000 fe:01 26354861                   /usr/lib/jvm/java-7-openjdk-amd64/jre/lib/amd64/xawt/libmawt.so
7faf6b3bb000-7faf6b3bc000 r--p 00048000 fe:01 26354861                   /usr/lib/jvm/java-7-openjdk-amd64/jre/lib/amd64/xawt/libmawt.so
7faf6b3bc000-7faf6b3bf000 rw-p 00049000 fe:01 26354861                   /usr/lib/jvm/java-7-openjdk-amd64/jre/lib/amd64/xawt/libmawt.so
7faf6b3bf000-7faf6b3c0000 rw-p 00000000 00:00 0 
7faf6b3c0000-7faf6b45f000 r-xp 00000000 fe:01 25953626                   /usr/lib/jvm/java-7-openjdk-amd64/jre/lib/amd64/libawt.so
7faf6b45f000-7faf6b65e000 ---p 0009f000 fe:01 25953626                   /usr/lib/jvm/java-7-openjdk-amd64/jre/lib/amd64/libawt.so
7faf6b65e000-7faf6b65f000 r--p 0009e000 fe:01 25953626                   /usr/lib/jvm/java-7-openjdk-amd64/jre/lib/amd64/libawt.so
7faf6b65f000-7faf6b66a000 rw-p 0009f000 fe:01 25953626                   /usr/lib/jvm/java-7-openjdk-amd64/jre/lib/amd64/libawt.so
7faf6b66a000-7faf6b68f000 rw-p 00000000 00:00 0 
7faf6b68f000-7faf6b692000 ---p 00000000 00:00 0 
7faf6b692000-7faf6b890000 rw-p 00000000 00:00 0                          [stack:19939]
7faf6b890000-7faf6b893000 ---p 00000000 00:00 0 
7faf6b893000-7faf6bd92000 rw-p 00000000 00:00 0                          [stack:19938]
7faf6bd92000-7faf6bdfe000 r-xp 00000000 fe:01 9437653                    /lib/x86_64-linux-gnu/libpcre.so.3.13.1
7faf6bdfe000-7faf6bffe000 ---p 0006c000 fe:01 9437653                    /lib/x86_64-linux-gnu/libpcre.so.3.13.1
7faf6bffe000-7faf6bfff000 r--p 0006c000 fe:01 9437653                    /lib/x86_64-linux-gnu/libpcre.so.3.13.1
7faf6bfff000-7faf6c000000 rw-p 0006d000 fe:01 9437653                    /lib/x86_64-linux-gnu/libpcre.so.3.13.1
7faf6c000000-7faf6c209000 rw-p 00000000 00:00 0 
7faf6c209000-7faf70000000 ---p 00000000 00:00 0 
7faf70000000-7faf70034000 rw-p 00000000 00:00 0 
7faf70034000-7faf74000000 ---p 00000000 00:00 0 
7faf74000000-7faf74021000 rw-p 00000000 00:00 0 
7faf74021000-7faf78000000 ---p 00000000 00:00 0 
7faf78000000-7faf78126000 rw-p 00000000 00:00 0 
7faf78126000-7faf7c000000 ---p 00000000 00:00 0 
7faf7c000000-7faf7c021000 rw-p 00000000 00:00 0 
7faf7c021000-7faf80000000 ---p 00000000 00:00 0 
7faf80000000-7faf80021000 rw-p 00000000 00:00 0 
7faf80021000-7faf84000000 ---p 00000000 00:00 0 
7faf84000000-7faf84021000 rw-p 00000000 00:00 0 
7faf84021000-7faf88000000 ---p 00000000 00:00 0 
7faf88000000-7faf88021000 rw-p 00000000 00:00 0 
7faf88021000-7faf8c000000 ---p 00000000 00:00 0 
7faf8c000000-7faf8c021000 rw-p 00000000 00:00 0 
7faf8c021000-7faf90000000 ---p 00000000 00:00 0 
7faf9000e000-7faf90015000 r-xp 00000000 fe:01 25302366                   /usr/lib/x86_64-linux-gnu/libffi.so.6.0.4
7faf90015000-7faf90215000 ---p 00007000 fe:01 25302366                   /usr/lib/x86_64-linux-gnu/libffi.so.6.0.4
7faf90215000-7faf90216000 r--p 00007000 fe:01 25302366                   /usr/lib/x86_64-linux-gnu/libffi.so.6.0.4
7faf90216000-7faf90217000 rw-p 00008000 fe:01 25302366                   /usr/lib/x86_64-linux-gnu/libffi.so.6.0.4
7faf90217000-7faf9022b000 r-xp 00000000 fe:01 9438137                    /lib/x86_64-linux-gnu/libresolv-2.19.so
7faf9022b000-7faf9042a000 ---p 00014000 fe:01 9438137                    /lib/x86_64-linux-gnu/libresolv-2.19.so
7faf9042a000-7faf9042b000 r--p 00013000 fe:01 9438137                    /lib/x86_64-linux-gnu/libresolv-2.19.so
7faf9042b000-7faf9042c000 rw-p 00014000 fe:01 9438137                    /lib/x86_64-linux-gnu/libresolv-2.19.so
7faf9042c000-7faf9042e000 rw-p 00000000 00:00 0 
7faf9042e000-7faf9044f000 r-xp 00000000 fe:01 9437276                    /lib/x86_64-linux-gnu/libselinux.so.1
7faf9044f000-7faf9064f000 ---p 00021000 fe:01 9437276                    /lib/x86_64-linux-gnu/libselinux.so.1
7faf9064f000-7faf90650000 r--p 00021000 fe:01 9437276                    /lib/x86_64-linux-gnu/libselinux.so.1
7faf90650000-7faf90651000 rw-p 00022000 fe:01 9437276                    /lib/x86_64-linux-gnu/libselinux.so.1
7faf90651000-7faf90653000 rw-p 00000000 00:00 0 
7faf90653000-7faf90656000 r-xp 00000000 fe:01 25307305                   /usr/lib/x86_64-linux-gnu/libgmodule-2.0.so.0.4400.1
7faf90656000-7faf90855000 ---p 00003000 fe:01 25307305                   /usr/lib/x86_64-linux-gnu/libgmodule-2.0.so.0.4400.1
7faf90855000-7faf90856000 r--p 00002000 fe:01 25307305                   /usr/lib/x86_64-linux-gnu/libgmodule-2.0.so.0.4400.1
7faf90856000-7faf90857000 rw-p 00003000 fe:01 25307305                   /usr/lib/x86_64-linux-gnu/libgmodule-2.0.so.0.4400.1
7faf90857000-7faf90964000 r-xp 00000000 fe:01 9437440                    /lib/x86_64-linux-gnu/libglib-2.0.so.0.4400.1
7faf90964000-7faf90b63000 ---p 0010d000 fe:01 9437440                    /lib/x86_64-linux-gnu/libglib-2.0.so.0.4400.1
7faf90b63000-7faf90b64000 r--p 0010c000 fe:01 9437440                    /lib/x86_64-linux-gnu/libglib-2.0.so.0.4400.1
7faf90b64000-7faf90b65000 rw-p 0010d000 fe:01 9437440                    /lib/x86_64-linux-gnu/libglib-2.0.so.0.4400.1
7faf90b65000-7faf90b66000 rw-p 00000000 00:00 0 
7faf90b66000-7faf90bb6000 r-xp 00000000 fe:01 25307307                   /usr/lib/x86_64-linux-gnu/libgobject-2.0.so.0.4400.1
7faf90bb6000-7faf90db6000 ---p 00050000 fe:01 25307307                   /usr/lib/x86_64-linux-gnu/libgobject-2.0.so.0.4400.1
7faf90db6000-7faf90db7000 r--p 00050000 fe:01 25307307                   /usr/lib/x86_64-linux-gnu/libgobject-2.0.so.0.4400.1
7faf90db7000-7faf90db8000 rw-p 00051000 fe:01 25307307                   /usr/lib/x86_64-linux-gnu/libgobject-2.0.so.0.4400.1
7faf90db8000-7faf90f30000 r-xp 00000000 fe:01 25307310                   /usr/lib/x86_64-linux-gnu/libgio-2.0.so.0.4400.1
7faf90f30000-7faf9112f000 ---p 00178000 fe:01 25307310                   /usr/lib/x86_64-linux-gnu/libgio-2.0.so.0.4400.1
7faf9112f000-7faf91133000 r--p 00177000 fe:01 25307310                   /usr/lib/x86_64-linux-gnu/libgio-2.0.so.0.4400.1
7faf91133000-7faf91135000 rw-p 0017b000 fe:01 25307310                   /usr/lib/x86_64-linux-gnu/libgio-2.0.so.0.4400.1
7faf91135000-7faf91137000 rw-p 00000000 00:00 0 
7faf9115a000-7faf91171000 r-xp 00000000 fe:01 25953653                   /usr/lib/jvm/java-7-openjdk-amd64/jre/lib/amd64/libnet.so
7faf91171000-7faf91371000 ---p 00017000 fe:01 25953653                   /usr/lib/jvm/java-7-openjdk-amd64/jre/lib/amd64/libnet.so
7faf91371000-7faf91372000 r--p 00017000 fe:01 25953653                   /usr/lib/jvm/java-7-openjdk-amd64/jre/lib/amd64/libnet.so
7faf91372000-7faf91373000 rw-p 00018000 fe:01 25953653                   /usr/lib/jvm/java-7-openjdk-amd64/jre/lib/amd64/libnet.so
7faf91373000-7faf91384000 r-xp 00000000 fe:01 25953654                   /usr/lib/jvm/java-7-openjdk-amd64/jre/lib/amd64/libnio.so
7faf91384000-7faf91583000 ---p 00011000 fe:01 25953654                   /usr/lib/jvm/java-7-openjdk-amd64/jre/lib/amd64/libnio.so
7faf91583000-7faf91584000 r--p 00010000 fe:01 25953654                   /usr/lib/jvm/java-7-openjdk-amd64/jre/lib/amd64/libnio.so
7faf91584000-7faf91585000 rw-p 00011000 fe:01 25953654                   /usr/lib/jvm/java-7-openjdk-amd64/jre/lib/amd64/libnio.so
7faf91585000-7faf91586000 ---p 00000000 00:00 0 
7faf91586000-7faf91686000 rw-p 00000000 00:00 0                          [stack:19937]
7faf91686000-7faf91689000 ---p 00000000 00:00 0 
7faf91689000-7faf91887000 rw-p 00000000 00:00 0                          [stack:19936]
7faf91887000-7faf9188a000 ---p 00000000 00:00 0 
7faf9188a000-7faf91988000 rw-p 00000000 00:00 0                          [stack:19935]
7faf91988000-7faf9198b000 ---p 00000000 00:00 0 
7faf9198b000-7faf91a89000 rw-p 00000000 00:00 0                          [stack:19934]
7faf91a89000-7faf91a8c000 ---p 00000000 00:00 0 
7faf91a8c000-7faf91c8a000 rw-p 00000000 00:00 0                          [stack:19933]
7faf91c8a000-7faf91e13000 r--p 00000000 fe:01 25308982                   /usr/lib/locale/locale-archive
7faf91e13000-7faf91e16000 ---p 00000000 00:00 0 
7faf91e16000-7faf92014000 rw-p 00000000 00:00 0                          [stack:19932]
7faf92014000-7faf92017000 ---p 00000000 00:00 0 
7faf92017000-7faf92215000 rw-p 00000000 00:00 0                          [stack:19931]
7faf92215000-7faf92216000 ---p 00000000 00:00 0 
7faf92216000-7faf95000000 rw-p 00000000 00:00 0                          [stack:19930]
7faf95000000-7faf95270000 rwxp 00000000 00:00 0 
7faf95270000-7faf98203000 rw-p 00000000 00:00 0 
7faf98203000-7faf9c000000 ---p 00000000 00:00 0 
7faf9c00b000-7faf9c010000 r--s 0004d000 fe:01 25953608                   /usr/lib/jvm/java-7-openjdk-amd64/jre/lib/jsse.jar
7faf9c010000-7faf9c15a000 rw-p 00000000 00:00 0 
7faf9c15a000-7faf9c30c000 r--s 01d2b000 fe:01 25953674                   /usr/lib/jvm/java-7-openjdk-amd64/jre/lib/rt.jar
7faf9c30c000-7faf9c64f000 rw-p 00000000 00:00 0 
7faf9c64f000-7faf9c650000 ---p 00000000 00:00 0 
7faf9c650000-7faf9c750000 rw-p 00000000 00:00 0                          [stack:19929]
7faf9c750000-7faf9c751000 ---p 00000000 00:00 0 
7faf9c751000-7faf9c85c000 rw-p 00000000 00:00 0                          [stack:19928]
7faf9c85c000-7faf9c958000 rw-p 00000000 00:00 0 
7faf9c958000-7faf9c968000 rw-p 00000000 00:00 0 
7faf9c968000-7faf9ca18000 rw-p 00000000 00:00 0 
7faf9ca18000-7faf9ca23000 rw-p 00000000 00:00 0 
7faf9ca23000-7faf9cb1e000 rw-p 00000000 00:00 0 
7faf9cb1e000-7faf9cb24000 rw-p 00000000 00:00 0 
7faf9cb24000-7faf9cba2000 rw-p 00000000 00:00 0 
7faf9cba2000-7faf9cba3000 rw-p 00000000 00:00 0 
7faf9cba3000-7faf9cbab000 r-xp 00000000 fe:01 25953659                   /usr/lib/jvm/java-7-openjdk-amd64/jre/lib/amd64/libzip.so
7faf9cbab000-7faf9cdaa000 ---p 00008000 fe:01 25953659                   /usr/lib/jvm/java-7-openjdk-amd64/jre/lib/amd64/libzip.so
7faf9cdaa000-7faf9cdab000 r--p 00007000 fe:01 25953659                   /usr/lib/jvm/java-7-openjdk-amd64/jre/lib/amd64/libzip.so
7faf9cdab000-7faf9cdac000 rw-p 00008000 fe:01 25953659                   /usr/lib/jvm/java-7-openjdk-amd64/jre/lib/amd64/libzip.so
7faf9cdac000-7faf9cdd8000 r-xp 00000000 fe:01 25953638                   /usr/lib/jvm/java-7-openjdk-amd64/jre/lib/amd64/libjava.so
7faf9cdd8000-7faf9cfd7000 ---p 0002c000 fe:01 25953638                   /usr/lib/jvm/java-7-openjdk-amd64/jre/lib/amd64/libjava.so
7faf9cfd7000-7faf9cfd8000 r--p 0002b000 fe:01 25953638                   /usr/lib/jvm/java-7-openjdk-amd64/jre/lib/amd64/libjava.so
7faf9cfd8000-7faf9cfda000 rw-p 0002c000 fe:01 25953638                   /usr/lib/jvm/java-7-openjdk-amd64/jre/lib/amd64/libjava.so
7faf9cfda000-7faf9cfe9000 r-xp 00000000 fe:01 25953658                   /usr/lib/jvm/java-7-openjdk-amd64/jre/lib/amd64/libverify.so
7faf9cfe9000-7faf9d1e8000 ---p 0000f000 fe:01 25953658                   /usr/lib/jvm/java-7-openjdk-amd64/jre/lib/amd64/libverify.so
7faf9d1e8000-7faf9d1ea000 r--p 0000e000 fe:01 25953658                   /usr/lib/jvm/java-7-openjdk-amd64/jre/lib/amd64/libverify.so
7faf9d1ea000-7faf9d1eb000 rw-p 00010000 fe:01 25953658                   /usr/lib/jvm/java-7-openjdk-amd64/jre/lib/amd64/libverify.so
7faf9d1eb000-7faf9d1f2000 r-xp 00000000 fe:01 9438129                    /lib/x86_64-linux-gnu/librt-2.19.so
7faf9d1f2000-7faf9d3f1000 ---p 00007000 fe:01 9438129                    /lib/x86_64-linux-gnu/librt-2.19.so
7faf9d3f1000-7faf9d3f2000 r--p 00006000 fe:01 9438129                    /lib/x86_64-linux-gnu/librt-2.19.so
7faf9d3f2000-7faf9d3f3000 rw-p 00007000 fe:01 9438129                    /lib/x86_64-linux-gnu/librt-2.19.so
7faf9d3f3000-7faf9d3f6000 ---p 00000000 00:00 0 
7faf9d3f6000-7faf9d5f4000 rw-p 00000000 00:00 0                          [stack:19927]
7faf9d5f4000-7faf9d60a000 r-xp 00000000 fe:01 9437209                    /lib/x86_64-linux-gnu/libgcc_s.so.1
7faf9d60a000-7faf9d809000 ---p 00016000 fe:01 9437209                    /lib/x86_64-linux-gnu/libgcc_s.so.1
7faf9d809000-7faf9d80a000 rw-p 00015000 fe:01 9437209                    /lib/x86_64-linux-gnu/libgcc_s.so.1
7faf9d80a000-7faf9d90a000 r-xp 00000000 fe:01 9438161                    /lib/x86_64-linux-gnu/libm-2.19.so
7faf9d90a000-7faf9db09000 ---p 00100000 fe:01 9438161                    /lib/x86_64-linux-gnu/libm-2.19.so
7faf9db09000-7faf9db0a000 r--p 000ff000 fe:01 9438161                    /lib/x86_64-linux-gnu/libm-2.19.so
7faf9db0a000-7faf9db0b000 rw-p 00100000 fe:01 9438161                    /lib/x86_64-linux-gnu/libm-2.19.so
7faf9db0b000-7faf9dc76000 r-xp 00000000 fe:01 25309013                   /usr/lib/x86_64-linux-gnu/libstdc++.so.6.0.21
7faf9dc76000-7faf9de76000 ---p 0016b000 fe:01 25309013                   /usr/lib/x86_64-linux-gnu/libstdc++.so.6.0.21
7faf9de76000-7faf9de80000 r--p 0016b000 fe:01 25309013                   /usr/lib/x86_64-linux-gnu/libstdc++.so.6.0.21
7faf9de80000-7faf9de82000 rw-p 00175000 fe:01 25309013                   /usr/lib/x86_64-linux-gnu/libstdc++.so.6.0.21
7faf9de82000-7faf9de86000 rw-p 00000000 00:00 0 
7faf9de86000-7faf9e9d7000 r-xp 00000000 fe:01 25953660                   /usr/lib/jvm/java-7-openjdk-amd64/jre/lib/amd64/server/libjvm.so
7faf9e9d7000-7faf9ebd7000 ---p 00b51000 fe:01 25953660                   /usr/lib/jvm/java-7-openjdk-amd64/jre/lib/amd64/server/libjvm.so
7faf9ebd7000-7faf9ec68000 r--p 00b51000 fe:01 25953660                   /usr/lib/jvm/java-7-openjdk-amd64/jre/lib/amd64/server/libjvm.so
7faf9ec68000-7faf9ec8b000 rw-p 00be2000 fe:01 25953660                   /usr/lib/jvm/java-7-openjdk-amd64/jre/lib/amd64/server/libjvm.so
7faf9ec8b000-7faf9ecb6000 rw-p 00000000 00:00 0 
7faf9ecb6000-7faf9ecd0000 r-xp 00000000 fe:01 9437284                    /lib/x86_64-linux-gnu/libz.so.1.2.8
7faf9ecd0000-7faf9eecf000 ---p 0001a000 fe:01 9437284                    /lib/x86_64-linux-gnu/libz.so.1.2.8
7faf9eecf000-7faf9eed0000 r--p 00019000 fe:01 9437284                    /lib/x86_64-linux-gnu/libz.so.1.2.8
7faf9eed0000-7faf9eed1000 rw-p 0001a000 fe:01 9437284                    /lib/x86_64-linux-gnu/libz.so.1.2.8
7faf9eed1000-7faf9f070000 r-xp 00000000 fe:01 9438121                    /lib/x86_64-linux-gnu/libc-2.19.so
7faf9f070000-7faf9f270000 ---p 0019f000 fe:01 9438121                    /lib/x86_64-linux-gnu/libc-2.19.so
7faf9f270000-7faf9f274000 r--p 0019f000 fe:01 9438121                    /lib/x86_64-linux-gnu/libc-2.19.so
7faf9f274000-7faf9f276000 rw-p 001a3000 fe:01 9438121                    /lib/x86_64-linux-gnu/libc-2.19.so
7faf9f276000-7faf9f27a000 rw-p 00000000 00:00 0 
7faf9f27a000-7faf9f27d000 r-xp 00000000 fe:01 9438173                    /lib/x86_64-linux-gnu/libdl-2.19.so
7faf9f27d000-7faf9f47c000 ---p 00003000 fe:01 9438173                    /lib/x86_64-linux-gnu/libdl-2.19.so
7faf9f47c000-7faf9f47d000 r--p 00002000 fe:01 9438173                    /lib/x86_64-linux-gnu/libdl-2.19.so
7faf9f47d000-7faf9f47e000 rw-p 00003000 fe:01 9438173                    /lib/x86_64-linux-gnu/libdl-2.19.so
7faf9f47e000-7faf9f48b000 r-xp 00000000 fe:01 25953663                   /usr/lib/jvm/java-7-openjdk-amd64/jre/lib/amd64/jli/libjli.so
7faf9f48b000-7faf9f68a000 ---p 0000d000 fe:01 25953663                   /usr/lib/jvm/java-7-openjdk-amd64/jre/lib/amd64/jli/libjli.so
7faf9f68a000-7faf9f68b000 r--p 0000c000 fe:01 25953663                   /usr/lib/jvm/java-7-openjdk-amd64/jre/lib/amd64/jli/libjli.so
7faf9f68b000-7faf9f68c000 rw-p 0000d000 fe:01 25953663                   /usr/lib/jvm/java-7-openjdk-amd64/jre/lib/amd64/jli/libjli.so
7faf9f68c000-7faf9f6a4000 r-xp 00000000 fe:01 9438135                    /lib/x86_64-linux-gnu/libpthread-2.19.so
7faf9f6a4000-7faf9f8a3000 ---p 00018000 fe:01 9438135                    /lib/x86_64-linux-gnu/libpthread-2.19.so
7faf9f8a3000-7faf9f8a4000 r--p 00017000 fe:01 9438135                    /lib/x86_64-linux-gnu/libpthread-2.19.so
7faf9f8a4000-7faf9f8a5000 rw-p 00018000 fe:01 9438135                    /lib/x86_64-linux-gnu/libpthread-2.19.so
7faf9f8a5000-7faf9f8a9000 rw-p 00000000 00:00 0 
7faf9f8a9000-7faf9f8c9000 r-xp 00000000 fe:01 9438147                    /lib/x86_64-linux-gnu/ld-2.19.so
7faf9f8c9000-7faf9f8fa000 rw-p 00000000 00:00 0 
7faf9f8fa000-7faf9f9aa000 rw-p 00000000 00:00 0 
7faf9f9aa000-7faf9f9b4000 rw-p 00000000 00:00 0 
7faf9f9b4000-7faf9fa6a000 rw-p 00000000 00:00 0 
7faf9fa6a000-7faf9fa9f000 r--s 00000000 fe:01 787925                     /var/cache/nscd/passwd
7faf9fa9f000-7faf9faa4000 rw-p 00000000 00:00 0 
7faf9faa5000-7faf9fabd000 rw-p 00000000 00:00 0 
7faf9fabd000-7faf9fac5000 rw-s 00000000 fe:01 12320908                   /tmp/hsperfdata_nadams4399/19926
7faf9fac5000-7faf9fac6000 rw-p 00000000 00:00 0 
7faf9fac6000-7faf9fac7000 r--p 00000000 00:00 0 
7faf9fac7000-7faf9fac9000 rw-p 00000000 00:00 0 
7faf9fac9000-7faf9faca000 r--p 00020000 fe:01 9438147                    /lib/x86_64-linux-gnu/ld-2.19.so
7faf9faca000-7faf9facb000 rw-p 00021000 fe:01 9438147                    /lib/x86_64-linux-gnu/ld-2.19.so
7faf9facb000-7faf9facc000 rw-p 00000000 00:00 0 
7ffe4d071000-7ffe4d093000 rw-p 00000000 00:00 0                          [stack]
7ffe4d113000-7ffe4d115000 r--p 00000000 00:00 0                          [vvar]
7ffe4d115000-7ffe4d117000 r-xp 00000000 00:00 0                          [vdso]
ffffffffff600000-ffffffffff601000 r-xp 00000000 00:00 0                  [vsyscall]

VM Arguments:
jvm_args: -Djdk.home=/usr/lib/jvm/java-7-openjdk-amd64 -Dnetbeans.default_userdir_root=/home/nadams4399/.netbeans -Dnetbeans.running.environment=gnome -Dnetbeans.dirs=/usr/share/netbeans/8.0.2/nb:/usr/share/netbeans/8.0.2/ergonomics:/usr/share/netbeans/8.0.2/ide:/usr/share/netbeans/8.0.2/extide:/usr/share/netbeans/8.0.2/java:/usr/share/netbeans/8.0.2/apisupport:/usr/share/netbeans/8.0.2/webcommon:/usr/share/netbeans/8.0.2/websvccommon:/usr/share/netbeans/8.0.2/enterprise:/usr/share/netbeans/8.0.2/mobility:/usr/share/netbeans/8.0.2/profiler:/usr/share/netbeans/8.0.2/python:/usr/share/netbeans/8.0.2/php:/usr/share/netbeans/8.0.2/identity:/usr/share/netbeans/8.0.2/harness:/usr/share/netbeans/8.0.2/cnd:/usr/share/netbeans/8.0.2/dlight:/usr/share/netbeans/8.0.2/groovy:/usr/share/netbeans/8.0.2/extra:/usr/share/netbeans/8.0.2/javacard:/usr/share/netbeans/8.0.2/javafx: -Dnetbeans.home=/usr/share/netbeans/8.0.2/platform -Dnetbeans.importclass=org.netbeans.upgrade.AutoUpgrade -Dnetbeans.accept_license_class=org.netbeans.license.AcceptLicense -Xmx788m -Xss2m -Xms32m -XX:PermSize=32m -Dapple.laf.useScreenMenuBar=true -Dapple.awt.graphics.UseQuartz=true -Dsun.java2d.noddraw=true -Dsun.java2d.dpiaware=true -Dsun.zip.disableMemoryMapping=true -Dsun.java2d.pmoffscreen=false -XX:MaxPermSize=384m -XX:+HeapDumpOnOutOfMemoryError -XX:HeapDumpPath=/home/nadams4399/.netbeans/8.0.2/var/log/heapdump.hprof 
java_command: org.netbeans.Main --cachedir /home/nadams4399/.cache/netbeans/8.0.2 --userdir /home/nadams4399/.netbeans/8.0.2 --branding nb
Launcher Type: SUN_STANDARD

Environment Variables:
PATH=/usr/local/bin:/usr/bin:/bin:/usr/games
LD_LIBRARY_PATH=/usr/lib/jvm/java-7-openjdk-amd64/bin/../jre/lib/amd64:/usr/lib/jvm/java-7-openjdk-amd64/bin/../jre/lib/i386:
SHELL=/bin/bash
DISPLAY=:0

Signal Handlers:
SIGSEGV: [libjvm.so+0x995800], sa_mask[0]=0x7ffbfeff, sa_flags=0x10000004
SIGBUS: [libjvm.so+0x995800], sa_mask[0]=0x7ffbfeff, sa_flags=0x10000004
SIGFPE: [libjvm.so+0x7fca50], sa_mask[0]=0x7ffbfeff, sa_flags=0x10000004
SIGPIPE: [libjvm.so+0x7fca50], sa_mask[0]=0x7ffbfeff, sa_flags=0x10000004
SIGXFSZ: [libjvm.so+0x7fca50], sa_mask[0]=0x7ffbfeff, sa_flags=0x10000004
SIGILL: [libjvm.so+0x7fca50], sa_mask[0]=0x7ffbfeff, sa_flags=0x10000004
SIGUSR1: SIG_DFL, sa_mask[0]=0x00000000, sa_flags=0x00000000
SIGUSR2: [libjvm.so+0x7fc8d0], sa_mask[0]=0x00000000, sa_flags=0x10000004
SIGHUP: [libjvm.so+0x7fca60], sa_mask[0]=0x7ffbfeff, sa_flags=0x10000004
SIGINT: SIG_IGN, sa_mask[0]=0x00000000, sa_flags=0x00000000
SIGTERM: [libjvm.so+0x7fca60], sa_mask[0]=0x7ffbfeff, sa_flags=0x10000004
SIGQUIT: [libjvm.so+0x7fca60], sa_mask[0]=0x7ffbfeff, sa_flags=0x10000004
SIGTRAP: SIG_DFL, sa_mask[0]=0x00000000, sa_flags=0x00000000


---------------  S Y S T E M  ---------------

OS:stretch/sid

uname:Linux 4.1.0-2-amd64 #1 SMP Debian 4.1.6-1 (2015-08-23) x86_64
libc:glibc 2.19 NPTL 2.19 
rlimit: STACK 8192k, CORE 0k, NPROC 15682, NOFILE 65536, AS infinity
load average:1.10 1.10 1.07

/proc/meminfo:
MemTotal:        4034712 kB
MemFree:          808812 kB
MemAvailable:    2657780 kB
Buffers:          134132 kB
Cached:          1731556 kB
SwapCached:          176 kB
Active:          2107888 kB
Inactive:         834780 kB
Active(anon):    1073812 kB
Inactive(anon):   128704 kB
Active(file):    1034076 kB
Inactive(file):   706076 kB
Unevictable:          32 kB
Mlocked:              32 kB
SwapTotal:       8355836 kB
SwapFree:        8355308 kB
Dirty:               320 kB
Writeback:             0 kB
AnonPages:       1076972 kB
Mapped:           332008 kB
Shmem:            125516 kB
Slab:             169116 kB
SReclaimable:     138492 kB
SUnreclaim:        30624 kB
KernelStack:        6448 kB
PageTables:        28592 kB
NFS_Unstable:          0 kB
Bounce:                0 kB
WritebackTmp:          0 kB
CommitLimit:    10373192 kB
Committed_AS:    3692004 kB
VmallocTotal:   34359738367 kB
VmallocUsed:      112556 kB
VmallocChunk:   34359537660 kB
HardwareCorrupted:     0 kB
AnonHugePages:         0 kB
HugePages_Total:       0
HugePages_Free:        0
HugePages_Rsvd:        0
HugePages_Surp:        0
Hugepagesize:       2048 kB
DirectMap4k:      827092 kB
DirectMap2M:     3350528 kB


CPU:total 2 (2 cores per cpu, 1 threads per core) family 6 model 26 stepping 5, cmov, cx8, fxsr, mmx, sse, sse2, sse3, ssse3, sse4.1, sse4.2, popcnt, tsc, tscinvbit, tscinv

/proc/cpuinfo:
processor	: 0
vendor_id	: GenuineIntel
cpu family	: 6
model		: 26
model name	: Intel(R) Xeon(R) CPU           W3505  @ 2.53GHz
stepping	: 5
microcode	: 0xf
cpu MHz		: 2527.000
cache size	: 4096 KB
physical id	: 0
siblings	: 2
core id		: 0
cpu cores	: 2
apicid		: 0
initial apicid	: 0
fpu		: yes
fpu_exception	: yes
cpuid level	: 11
wp		: yes
flags		: fpu vme de pse tsc msr pae mce cx8 apic sep mtrr pge mca cmov pat pse36 clflush dts acpi mmx fxsr sse sse2 ss ht tm pbe syscall nx rdtscp lm constant_tsc arch_perfmon pebs bts rep_good nopl xtopology nonstop_tsc aperfmperf pni dtes64 monitor ds_cpl vmx est tm2 ssse3 cx16 xtpr pdcm dca sse4_1 sse4_2 popcnt lahf_lm dtherm tpr_shadow vnmi flexpriority ept vpid
bugs		:
bogomips	: 5066.59
clflush size	: 64
cache_alignment	: 64
address sizes	: 36 bits physical, 48 bits virtual
power management:

processor	: 1
vendor_id	: GenuineIntel
cpu family	: 6
model		: 26
model name	: Intel(R) Xeon(R) CPU           W3505  @ 2.53GHz
stepping	: 5
microcode	: 0xf
cpu MHz		: 2527.000
cache size	: 4096 KB
physical id	: 0
siblings	: 2
core id		: 2
cpu cores	: 2
apicid		: 4
initial apicid	: 4
fpu		: yes
fpu_exception	: yes
cpuid level	: 11
wp		: yes
flags		: fpu vme de pse tsc msr pae mce cx8 apic sep mtrr pge mca cmov pat pse36 clflush dts acpi mmx fxsr sse sse2 ss ht tm pbe syscall nx rdtscp lm constant_tsc arch_perfmon pebs bts rep_good nopl xtopology nonstop_tsc aperfmperf pni dtes64 monitor ds_cpl vmx est tm2 ssse3 cx16 xtpr pdcm dca sse4_1 sse4_2 popcnt lahf_lm dtherm tpr_shadow vnmi flexpriority ept vpid
bugs		:
bogomips	: 5066.59
clflush size	: 64
cache_alignment	: 64
address sizes	: 36 bits physical, 48 bits virtual
power management:



Memory: 4k page, physical 4034712k(808812k free), swap 8355836k(8355308k free)

vm_info: OpenJDK 64-Bit Server VM (24.85-b03) for linux-amd64 JRE (1.7.0_85-b01), built on Sep  5 2015 23:29:12 by "buildd" with gcc 5.2.1 20150903

time: Wed Sep 16 05:47:02 2015
elapsed time: 3 seconds

